=== MineConomy Log ===


[03/18 16:36:49] [DEV]		Enabling plugin...
[03/18 16:36:49] [DEV]		Config file not found. Creating Config file...
[03/18 16:36:49] [DEV]		Config file created!
[03/18 16:36:49] [DEV]		Loading Config file...
[03/18 16:36:49] [DEV]		Config file loaded!
[03/18 16:36:49] [DEV]		YML is enabled for Accounts.
[03/18 16:36:49] [INFO]		Accounts file not found...
[03/18 16:36:49] [INFO]		Accounts file created!
[03/18 16:36:49] [INFO]		Loading Accounts file...
[03/18 16:36:49] [INFO]		Accounts file loaded!
[03/18 16:36:49] [DEV]		Banks file not found...
[03/18 16:36:49] [DEV]		Banks file created!
[03/18 16:36:49] [DEV]		Loading Banks file...
[03/18 16:36:49] [DEV]		Banks file loaded!
[03/18 16:36:49] [DEV]		Currency file not found...
[03/18 16:36:49] [DEV]		Currency file created!
[03/18 16:36:49] [DEV]		Loading Currency file...
[03/18 16:36:49] [DEV]		Currency file loaded!
[03/18 16:36:49] [DEV]		Language file not found...
[03/18 16:36:49] [DEV]		Language file created!
[03/18 16:36:49] [DEV]		Loading Language file...
[03/18 16:36:49] [DEV]		Language file loaded!
[03/18 16:36:49] [INFO]		Interest Disabled.
[03/18 16:36:49] [INFO]		Tax Disabled.
[03/18 16:36:49] [INFO]		GUI Disabled.
[03/18 16:36:49] [DEV]		Checking for updates...
[03/18 16:36:49] [IMPORTANT]	Version 1.7.3 by Bodyash is enabled!
[03/18 16:36:56] [DEV]		Auto-Saving files...
[03/18 16:36:56] [DEV]		Finished auto-save.
[03/18 17:36:52] [DEV]		Auto-Saving files...
[03/18 17:36:52] [DEV]		Finished auto-save.
[03/18 18:27:34] [INFO]		Disabling MineConomy...
[03/18 18:27:36] [DEV]		Enabling plugin...
[03/18 18:27:36] [DEV]		Loading Config file...
[03/18 18:27:36] [DEV]		Config file loaded!
[03/18 18:27:36] [DEV]		YML is enabled for Accounts.
[03/18 18:27:36] [INFO]		Loading Accounts file...
[03/18 18:27:36] [INFO]		Accounts file loaded!
[03/18 18:27:36] [DEV]		Loading Banks file...
[03/18 18:27:36] [DEV]		Banks file loaded!
[03/18 18:27:36] [DEV]		Loading Currency file...
[03/18 18:27:36] [DEV]		Currency file loaded!
[03/18 18:27:36] [DEV]		Loading Language file...
[03/18 18:27:36] [DEV]		Language file loaded!
[03/18 18:27:36] [INFO]		Interest Disabled.
[03/18 18:27:36] [INFO]		Tax Disabled.
[03/18 18:27:36] [INFO]		GUI Disabled.
[03/18 18:27:36] [DEV]		Checking for updates...
[03/18 18:27:36] [IMPORTANT]	Version 1.7.3 by Bodyash is enabled!
[03/18 18:27:45] [DEV]		Auto-Saving files...
[03/18 18:27:45] [DEV]		Finished auto-save.
[03/18 18:34:48] [INFO]		Disabling MineConomy...
[03/18 18:35:34] [DEV]		Enabling plugin...
[03/18 18:35:34] [DEV]		Loading Config file...
[03/18 18:35:34] [DEV]		Config file loaded!
[03/18 18:35:34] [DEV]		YML is enabled for Accounts.
[03/18 18:35:34] [INFO]		Loading Accounts file...
[03/18 18:35:34] [INFO]		Accounts file loaded!
[03/18 18:35:34] [DEV]		Loading Banks file...
[03/18 18:35:34] [DEV]		Banks file loaded!
[03/18 18:35:34] [DEV]		Loading Currency file...
[03/18 18:35:34] [DEV]		Currency file loaded!
[03/18 18:35:34] [DEV]		Loading Language file...
[03/18 18:35:34] [DEV]		Language file loaded!
[03/18 18:35:34] [INFO]		Interest Disabled.
[03/18 18:35:34] [INFO]		Tax Disabled.
[03/18 18:35:34] [INFO]		GUI Disabled.
[03/18 18:35:34] [DEV]		Checking for updates...
[03/18 18:35:34] [IMPORTANT]	Version 1.7.3 by Bodyash is enabled!
[03/18 18:35:46] [DEV]		Auto-Saving files...
[03/18 18:35:46] [DEV]		Finished auto-save.
[03/18 18:36:09] [INFO]		Disabling MineConomy...
[03/18 18:37:28] [DEV]		Enabling plugin...
[03/18 18:37:28] [DEV]		Loading Config file...
[03/18 18:37:28] [DEV]		Config file loaded!
[03/18 18:37:28] [DEV]		YML is enabled for Accounts.
[03/18 18:37:28] [INFO]		Loading Accounts file...
[03/18 18:37:28] [INFO]		Accounts file loaded!
[03/18 18:37:28] [DEV]		Loading Banks file...
[03/18 18:37:28] [DEV]		Banks file loaded!
[03/18 18:37:28] [DEV]		Loading Currency file...
[03/18 18:37:28] [DEV]		Currency file loaded!
[03/18 18:37:28] [DEV]		Loading Language file...
[03/18 18:37:28] [DEV]		Language file loaded!
[03/18 18:37:28] [INFO]		Interest Disabled.
[03/18 18:37:28] [INFO]		Tax Disabled.
[03/18 18:37:28] [INFO]		GUI Disabled.
[03/18 18:37:28] [DEV]		Checking for updates...
[03/18 18:37:28] [IMPORTANT]	Version 1.7.3 by Bodyash is enabled!
[03/18 18:37:42] [DEV]		Auto-Saving files...
[03/18 18:37:42] [DEV]		Finished auto-save.
[03/18 18:38:46] [INFO]		Disabling MineConomy...
[03/18 18:41:35] [DEV]		Enabling plugin...
[03/18 18:41:35] [DEV]		Loading Config file...
[03/18 18:41:35] [DEV]		Config file loaded!
[03/18 18:41:35] [DEV]		YML is enabled for Accounts.
[03/18 18:41:35] [INFO]		Loading Accounts file...
[03/18 18:41:35] [INFO]		Accounts file loaded!
[03/18 18:41:35] [DEV]		Loading Banks file...
[03/18 18:41:35] [DEV]		Banks file loaded!
[03/18 18:41:35] [DEV]		Loading Currency file...
[03/18 18:41:35] [DEV]		Currency file loaded!
[03/18 18:41:35] [DEV]		Loading Language file...
[03/18 18:41:35] [DEV]		Language file loaded!
[03/18 18:41:35] [INFO]		Interest Disabled.
[03/18 18:41:35] [INFO]		Tax Disabled.
[03/18 18:41:35] [INFO]		GUI Disabled.
[03/18 18:41:35] [DEV]		Checking for updates...
[03/18 18:41:35] [IMPORTANT]	Version 1.7.3 by Bodyash is enabled!
[03/18 18:41:44] [DEV]		Auto-Saving files...
[03/18 18:41:44] [DEV]		Finished auto-save.
[03/18 18:43:56] [INFO]		Disabling MineConomy...
[03/18 18:47:13] [DEV]		Enabling plugin...
[03/18 18:47:13] [DEV]		Loading Config file...
[03/18 18:47:13] [DEV]		Config file loaded!
[03/18 18:47:13] [DEV]		YML is enabled for Accounts.
[03/18 18:47:13] [INFO]		Loading Accounts file...
[03/18 18:47:13] [INFO]		Accounts file loaded!
[03/18 18:47:13] [DEV]		Loading Banks file...
[03/18 18:47:13] [DEV]		Banks file loaded!
[03/18 18:47:13] [DEV]		Loading Currency file...
[03/18 18:47:13] [DEV]		Currency file loaded!
[03/18 18:47:13] [DEV]		Loading Language file...
[03/18 18:47:13] [DEV]		Language file loaded!
[03/18 18:47:13] [INFO]		Interest Disabled.
[03/18 18:47:13] [INFO]		Tax Disabled.
[03/18 18:47:13] [INFO]		GUI Disabled.
[03/18 18:47:13] [DEV]		Checking for updates...
[03/18 18:47:13] [IMPORTANT]	Version 1.7.3 by Bodyash is enabled!
[03/18 18:47:22] [DEV]		Auto-Saving files...
[03/18 18:47:22] [DEV]		Finished auto-save.