20-03-18 00:33:21 [INFO] Logger started.
20-03-18 00:33:21 [INFO] Logging system initialized.
20-03-18 00:33:21 [INFO] Detected Minecraft version: 1.12.2
20-03-18 00:33:23 [INFO] McAccess set to: 1.12-1.12.2 / Spigot-CB-1.12_R1
20-03-18 00:33:23 [INFO] Added block-info for Minecraft 1.5 blocks.
20-03-18 00:33:23 [INFO] Added block-info for Minecraft 1.6.1 blocks.
20-03-18 00:33:23 [INFO] Added block-info for Minecraft 1.7.2 blocks.
20-03-18 00:33:23 [INFO] Added block-info for Minecraft 1.8 blocks.
20-03-18 00:33:23 [INFO] Added block-info for Minecraft 1.9 blocks.
20-03-18 00:33:23 [INFO] Added block-info for Minecraft 1.10 blocks.
20-03-18 00:33:23 [INFO] Added block-info for Minecraft 1.11 blocks.
20-03-18 00:33:23 [INFO] Added block-info for Minecraft 1.12 blocks.
20-03-18 00:33:24 [INFO] Inventory checks: FastConsume is available, disabled InstantEat.
20-03-18 00:33:24 [INFO] Packet level access: ProtocolLib is not available.
20-03-18 00:33:24 [INFO] Force disable FastHeal on Minecraft 1.9 and later.
20-03-18 00:33:24 [INFO] Version 3.16.0-RC-sMD5NET-b1134 is enabled.
20-03-18 00:33:39 [INFO] [GenericInstanceRegistry] Registered for itself: fr.neatmonster.nocheatplus.stats.Counters
20-03-18 00:33:39 [INFO] [GenericInstanceRegistry] Registered for itself: fr.neatmonster.nocheatplus.checks.workaround.WRPT
20-03-18 00:33:39 [INFO] [GenericInstanceRegistry] Registered for itself: fr.neatmonster.nocheatplus.checks.moving.location.tracking.LocationTrace$TraceEntryPool
20-03-18 00:33:39 [INFO] [GenericInstanceRegistry] Registered for itself: fr.neatmonster.nocheatplus.utilities.entity.PassengerUtil
20-03-18 00:33:39 [INFO] [GenericInstanceRegistry] Registered for itself: java.util.Random
20-03-18 00:33:39 [INFO] [GenericInstanceRegistry] Registered for fr.neatmonster.nocheatplus.compat.IBridgeCrossPlugin: fr.neatmonster.nocheatplus.compat.meta.BridgeCrossPlugin
20-03-18 00:33:39 [INFO] [GenericInstanceRegistry] Registered for fr.neatmonster.nocheatplus.compat.MCAccess: fr.neatmonster.nocheatplus.compat.cbdev.MCAccessCBDev
20-03-18 00:33:39 [INFO] [GenericInstanceRegistry] Registered for fr.neatmonster.nocheatplus.utilities.map.BlockCache: fr.neatmonster.nocheatplus.compat.cbdev.BlockCacheCBDev
20-03-18 00:33:39 [INFO] [GenericInstanceRegistry] Registered for fr.neatmonster.nocheatplus.components.modifier.IAttributeAccess: fr.neatmonster.nocheatplus.compat.cbdev.AttributeAccess
20-03-18 00:33:39 [INFO] [GenericInstanceRegistry] Registered for fr.neatmonster.nocheatplus.components.entity.IEntityAccessLastPositionAndLook: fr.neatmonster.nocheatplus.compat.cbdev.EntityAccessLastPositionAndLook
20-03-18 00:33:39 [INFO] [GenericInstanceRegistry] Registered for fr.neatmonster.nocheatplus.components.entity.IEntityAccessVehicle: fr.neatmonster.nocheatplus.compat.bukkit.EntityAccessVehicleMultiPassenger
20-03-18 00:33:39 [INFO] [GenericInstanceRegistry] Registered for itself: fr.neatmonster.nocheatplus.checks.moving.util.AuxMoving
20-03-18 00:33:39 [INFO] Added hook: AllViolations(NCP) [1.0].
20-03-18 00:33:39 [INFO] Post-enable running...
20-03-18 00:33:43 [INFO] Updated data for 1 players (post-enable).
20-03-18 00:33:43 [INFO] Post-enable finished.
20-03-18 00:33:43 [INFO] ---- Version information ----
#### Server ####
git-Paper-1618 ~MC: 1.12.2~
  detected: 1.12.2
#### NoCheatPlus ####
Plugin: 3.16.0-RC-sMD5NET-b1134
MCAccess: 1.12-1.12.2 / Spigot-CB-1.12_R1
Features:
  blocks: BlocksMC1_4 | BlocksMC1_5 | BlocksMC1_6_1 | BlocksMC1_7_2 | BlocksMC1_8 | BlocksMC1_9 | BlocksMC1_10 | BlocksMC1_11 | BlocksMC1_12
  checks: FastConsume | Gutenberg | HotFixFallingBlockPortalEnter
  defaults: pvpKnockBackVelocity
Hooks: AllViolations~NCP~ 1.0
20-03-18 00:37:29 [INFO] Removed hook: AllViolations(NCP) [1.0].
20-03-18 00:37:29 [FINE] | cancel.dead 0 | cancel.offline 0 | block.interact.look.current 0 | block.interact.look.flying.first 0 | block.interact.look.flying.other 0 | illegalitem 0 | boatsanywhere 0 | throwenderpearl 0 | fakeinvulnerable 0 | eggonentity 0 | event.player.move 559 (559/0) |
20-03-18 00:37:29 [INFO] [GenericInstanceRegistry] Registry cleared.
20-03-17 22:20:35 [INFO] Logger started.
20-03-17 22:20:35 [INFO] Logging system initialized.
20-03-17 22:20:35 [INFO] Detected Minecraft version: 1.12.2
20-03-17 22:20:39 [INFO] McAccess set to: 1.12-1.12.2 / Spigot-CB-1.12_R1
20-03-17 22:20:39 [INFO] Added block-info for Minecraft 1.5 blocks.
20-03-17 22:20:39 [INFO] Added block-info for Minecraft 1.6.1 blocks.
20-03-17 22:20:39 [INFO] Added block-info for Minecraft 1.7.2 blocks.
20-03-17 22:20:39 [INFO] Added block-info for Minecraft 1.8 blocks.
20-03-17 22:20:39 [INFO] Added block-info for Minecraft 1.9 blocks.
20-03-17 22:20:39 [INFO] Added block-info for Minecraft 1.10 blocks.
20-03-17 22:20:39 [INFO] Added block-info for Minecraft 1.11 blocks.
20-03-17 22:20:39 [INFO] Added block-info for Minecraft 1.12 blocks.
20-03-17 22:20:39 [INFO] Inventory checks: FastConsume is available, disabled InstantEat.
20-03-17 22:20:39 [INFO] Packet level access: ProtocolLib is not available.
20-03-17 22:20:39 [INFO] Force disable FastHeal on Minecraft 1.9 and later.
20-03-17 22:20:39 [INFO] Version 3.16.0-RC-sMD5NET-b1134 is enabled.
20-03-17 22:20:46 [INFO] [GenericInstanceRegistry] Registered for itself: fr.neatmonster.nocheatplus.stats.Counters
20-03-17 22:20:46 [INFO] [GenericInstanceRegistry] Registered for itself: fr.neatmonster.nocheatplus.checks.workaround.WRPT
20-03-17 22:20:46 [INFO] [GenericInstanceRegistry] Registered for itself: fr.neatmonster.nocheatplus.checks.moving.location.tracking.LocationTrace$TraceEntryPool
20-03-17 22:20:46 [INFO] [GenericInstanceRegistry] Registered for itself: fr.neatmonster.nocheatplus.utilities.entity.PassengerUtil
20-03-17 22:20:46 [INFO] [GenericInstanceRegistry] Registered for itself: java.util.Random
20-03-17 22:20:46 [INFO] [GenericInstanceRegistry] Registered for fr.neatmonster.nocheatplus.compat.IBridgeCrossPlugin: fr.neatmonster.nocheatplus.compat.meta.BridgeCrossPlugin
20-03-17 22:20:46 [INFO] [GenericInstanceRegistry] Registered for fr.neatmonster.nocheatplus.compat.MCAccess: fr.neatmonster.nocheatplus.compat.cbdev.MCAccessCBDev
20-03-17 22:20:46 [INFO] [GenericInstanceRegistry] Registered for fr.neatmonster.nocheatplus.utilities.map.BlockCache: fr.neatmonster.nocheatplus.compat.cbdev.BlockCacheCBDev
20-03-17 22:20:46 [INFO] [GenericInstanceRegistry] Registered for fr.neatmonster.nocheatplus.components.modifier.IAttributeAccess: fr.neatmonster.nocheatplus.compat.cbdev.AttributeAccess
20-03-17 22:20:46 [INFO] [GenericInstanceRegistry] Registered for fr.neatmonster.nocheatplus.components.entity.IEntityAccessLastPositionAndLook: fr.neatmonster.nocheatplus.compat.cbdev.EntityAccessLastPositionAndLook
20-03-17 22:20:46 [INFO] [GenericInstanceRegistry] Registered for fr.neatmonster.nocheatplus.components.entity.IEntityAccessVehicle: fr.neatmonster.nocheatplus.compat.bukkit.EntityAccessVehicleMultiPassenger
20-03-17 22:20:46 [INFO] [GenericInstanceRegistry] Registered for itself: fr.neatmonster.nocheatplus.checks.moving.util.AuxMoving
20-03-17 22:20:46 [INFO] Post-enable running...
20-03-17 22:20:46 [INFO] Added hook: AllViolations(NCP) [1.0].
20-03-17 22:20:47 [INFO] Post-enable finished.
20-03-17 22:20:47 [INFO] ---- Version information ----
#### Server ####
git-Paper-1618 ~MC: 1.12.2~
  detected: 1.12.2
#### NoCheatPlus ####
Plugin: 3.16.0-RC-sMD5NET-b1134
MCAccess: 1.12-1.12.2 / Spigot-CB-1.12_R1
Features:
  blocks: BlocksMC1_4 | BlocksMC1_5 | BlocksMC1_6_1 | BlocksMC1_7_2 | BlocksMC1_8 | BlocksMC1_9 | BlocksMC1_10 | BlocksMC1_11 | BlocksMC1_12
  checks: FastConsume | Gutenberg | HotFixFallingBlockPortalEnter
  defaults: pvpKnockBackVelocity
Hooks: AllViolations~NCP~ 1.0
20-03-17 22:21:35 [INFO] Removed hook: AllViolations(NCP) [1.0].
20-03-17 22:21:35 [FINE] | cancel.dead 0 | cancel.offline 0 | block.interact.look.current 0 | block.interact.look.flying.first 0 | block.interact.look.flying.other 0 | illegalitem 0 | boatsanywhere 0 | throwenderpearl 0 | fakeinvulnerable 0 | eggonentity 0 | event.player.move 0 |
20-03-17 22:21:35 [INFO] [GenericInstanceRegistry] Registry cleared.
20-03-17 22:22:47 [INFO] Logger started.
20-03-17 22:22:47 [INFO] Logging system initialized.
20-03-17 22:22:47 [INFO] Detected Minecraft version: 1.12.2
20-03-17 22:22:52 [INFO] McAccess set to: 1.12-1.12.2 / Spigot-CB-1.12_R1
20-03-17 22:22:52 [INFO] Added block-info for Minecraft 1.5 blocks.
20-03-17 22:22:52 [INFO] Added block-info for Minecraft 1.6.1 blocks.
20-03-17 22:22:52 [INFO] Added block-info for Minecraft 1.7.2 blocks.
20-03-17 22:22:52 [INFO] Added block-info for Minecraft 1.8 blocks.
20-03-17 22:22:52 [INFO] Added block-info for Minecraft 1.9 blocks.
20-03-17 22:22:52 [INFO] Added block-info for Minecraft 1.10 blocks.
20-03-17 22:22:52 [INFO] Added block-info for Minecraft 1.11 blocks.
20-03-17 22:22:52 [INFO] Added block-info for Minecraft 1.12 blocks.
20-03-17 22:22:52 [INFO] Inventory checks: FastConsume is available, disabled InstantEat.
20-03-17 22:22:52 [INFO] Packet level access: ProtocolLib is not available.
20-03-17 22:22:52 [INFO] Force disable FastHeal on Minecraft 1.9 and later.
20-03-17 22:22:52 [INFO] Version 3.16.0-RC-sMD5NET-b1134 is enabled.
20-03-17 22:22:59 [INFO] Post-enable running...
20-03-17 22:22:59 [INFO] [GenericInstanceRegistry] Registered for itself: fr.neatmonster.nocheatplus.stats.Counters
20-03-17 22:22:59 [INFO] [GenericInstanceRegistry] Registered for itself: fr.neatmonster.nocheatplus.checks.workaround.WRPT
20-03-17 22:22:59 [INFO] [GenericInstanceRegistry] Registered for itself: fr.neatmonster.nocheatplus.checks.moving.location.tracking.LocationTrace$TraceEntryPool
20-03-17 22:22:59 [INFO] [GenericInstanceRegistry] Registered for itself: fr.neatmonster.nocheatplus.utilities.entity.PassengerUtil
20-03-17 22:22:59 [INFO] [GenericInstanceRegistry] Registered for itself: java.util.Random
20-03-17 22:22:59 [INFO] [GenericInstanceRegistry] Registered for fr.neatmonster.nocheatplus.compat.IBridgeCrossPlugin: fr.neatmonster.nocheatplus.compat.meta.BridgeCrossPlugin
20-03-17 22:22:59 [INFO] [GenericInstanceRegistry] Registered for fr.neatmonster.nocheatplus.compat.MCAccess: fr.neatmonster.nocheatplus.compat.cbdev.MCAccessCBDev
20-03-17 22:22:59 [INFO] [GenericInstanceRegistry] Registered for fr.neatmonster.nocheatplus.utilities.map.BlockCache: fr.neatmonster.nocheatplus.compat.cbdev.BlockCacheCBDev
20-03-17 22:22:59 [INFO] [GenericInstanceRegistry] Registered for fr.neatmonster.nocheatplus.components.modifier.IAttributeAccess: fr.neatmonster.nocheatplus.compat.cbdev.AttributeAccess
20-03-17 22:22:59 [INFO] [GenericInstanceRegistry] Registered for fr.neatmonster.nocheatplus.components.entity.IEntityAccessLastPositionAndLook: fr.neatmonster.nocheatplus.compat.cbdev.EntityAccessLastPositionAndLook
20-03-17 22:22:59 [INFO] [GenericInstanceRegistry] Registered for fr.neatmonster.nocheatplus.components.entity.IEntityAccessVehicle: fr.neatmonster.nocheatplus.compat.bukkit.EntityAccessVehicleMultiPassenger
20-03-17 22:22:59 [INFO] [GenericInstanceRegistry] Registered for itself: fr.neatmonster.nocheatplus.checks.moving.util.AuxMoving
20-03-17 22:22:59 [INFO] Added hook: AllViolations(NCP) [1.0].
20-03-17 22:23:00 [INFO] Post-enable finished.
20-03-17 22:23:00 [INFO] ---- Version information ----
#### Server ####
git-Paper-1618 ~MC: 1.12.2~
  detected: 1.12.2
#### NoCheatPlus ####
Plugin: 3.16.0-RC-sMD5NET-b1134
MCAccess: 1.12-1.12.2 / Spigot-CB-1.12_R1
Features:
  blocks: BlocksMC1_4 | BlocksMC1_5 | BlocksMC1_6_1 | BlocksMC1_7_2 | BlocksMC1_8 | BlocksMC1_9 | BlocksMC1_10 | BlocksMC1_11 | BlocksMC1_12
  checks: FastConsume | Gutenberg | HotFixFallingBlockPortalEnter
  defaults: pvpKnockBackVelocity
Hooks: AllViolations~NCP~ 1.0
20-03-17 22:25:02 [INFO] Removed hook: AllViolations(NCP) [1.0].
20-03-17 22:25:02 [FINE] | cancel.dead 0 | cancel.offline 0 | block.interact.look.current 0 | block.interact.look.flying.first 0 | block.interact.look.flying.other 0 | illegalitem 0 | boatsanywhere 0 | throwenderpearl 0 | fakeinvulnerable 0 | eggonentity 0 | event.player.move 403 (403/0) |
20-03-17 22:25:02 [INFO] [GenericInstanceRegistry] Registry cleared.
20-03-17 22:27:22 [INFO] Logger started.
20-03-17 22:27:22 [INFO] Logging system initialized.
20-03-17 22:27:22 [INFO] Detected Minecraft version: 1.12.2
20-03-17 22:27:27 [INFO] McAccess set to: 1.12-1.12.2 / Spigot-CB-1.12_R1
20-03-17 22:27:27 [INFO] Added block-info for Minecraft 1.5 blocks.
20-03-17 22:27:27 [INFO] Added block-info for Minecraft 1.6.1 blocks.
20-03-17 22:27:27 [INFO] Added block-info for Minecraft 1.7.2 blocks.
20-03-17 22:27:27 [INFO] Added block-info for Minecraft 1.8 blocks.
20-03-17 22:27:27 [INFO] Added block-info for Minecraft 1.9 blocks.
20-03-17 22:27:27 [INFO] Added block-info for Minecraft 1.10 blocks.
20-03-17 22:27:27 [INFO] Added block-info for Minecraft 1.11 blocks.
20-03-17 22:27:27 [INFO] Added block-info for Minecraft 1.12 blocks.
20-03-17 22:27:27 [INFO] Inventory checks: FastConsume is available, disabled InstantEat.
20-03-17 22:27:27 [INFO] Packet level access: ProtocolLib is not available.
20-03-17 22:27:27 [INFO] Force disable FastHeal on Minecraft 1.9 and later.
20-03-17 22:27:27 [INFO] Version 3.16.0-RC-sMD5NET-b1134 is enabled.
20-03-17 22:27:33 [INFO] [GenericInstanceRegistry] Registered for itself: fr.neatmonster.nocheatplus.stats.Counters
20-03-17 22:27:33 [INFO] [GenericInstanceRegistry] Registered for itself: fr.neatmonster.nocheatplus.checks.workaround.WRPT
20-03-17 22:27:33 [INFO] [GenericInstanceRegistry] Registered for itself: fr.neatmonster.nocheatplus.checks.moving.location.tracking.LocationTrace$TraceEntryPool
20-03-17 22:27:33 [INFO] [GenericInstanceRegistry] Registered for itself: fr.neatmonster.nocheatplus.utilities.entity.PassengerUtil
20-03-17 22:27:33 [INFO] [GenericInstanceRegistry] Registered for itself: java.util.Random
20-03-17 22:27:33 [INFO] [GenericInstanceRegistry] Registered for fr.neatmonster.nocheatplus.compat.IBridgeCrossPlugin: fr.neatmonster.nocheatplus.compat.meta.BridgeCrossPlugin
20-03-17 22:27:33 [INFO] [GenericInstanceRegistry] Registered for fr.neatmonster.nocheatplus.compat.MCAccess: fr.neatmonster.nocheatplus.compat.cbdev.MCAccessCBDev
20-03-17 22:27:33 [INFO] [GenericInstanceRegistry] Registered for fr.neatmonster.nocheatplus.utilities.map.BlockCache: fr.neatmonster.nocheatplus.compat.cbdev.BlockCacheCBDev
20-03-17 22:27:33 [INFO] [GenericInstanceRegistry] Registered for fr.neatmonster.nocheatplus.components.modifier.IAttributeAccess: fr.neatmonster.nocheatplus.compat.cbdev.AttributeAccess
20-03-17 22:27:33 [INFO] [GenericInstanceRegistry] Registered for fr.neatmonster.nocheatplus.components.entity.IEntityAccessLastPositionAndLook: fr.neatmonster.nocheatplus.compat.cbdev.EntityAccessLastPositionAndLook
20-03-17 22:27:33 [INFO] [GenericInstanceRegistry] Registered for fr.neatmonster.nocheatplus.components.entity.IEntityAccessVehicle: fr.neatmonster.nocheatplus.compat.bukkit.EntityAccessVehicleMultiPassenger
20-03-17 22:27:33 [INFO] [GenericInstanceRegistry] Registered for itself: fr.neatmonster.nocheatplus.checks.moving.util.AuxMoving
20-03-17 22:27:33 [INFO] Post-enable running...
20-03-17 22:27:33 [INFO] Added hook: AllViolations(NCP) [1.0].
20-03-17 22:27:35 [INFO] Post-enable finished.
20-03-17 22:27:35 [INFO] ---- Version information ----
#### Server ####
git-Paper-1618 ~MC: 1.12.2~
  detected: 1.12.2
#### NoCheatPlus ####
Plugin: 3.16.0-RC-sMD5NET-b1134
MCAccess: 1.12-1.12.2 / Spigot-CB-1.12_R1
Features:
  blocks: BlocksMC1_4 | BlocksMC1_5 | BlocksMC1_6_1 | BlocksMC1_7_2 | BlocksMC1_8 | BlocksMC1_9 | BlocksMC1_10 | BlocksMC1_11 | BlocksMC1_12
  checks: FastConsume | Gutenberg | HotFixFallingBlockPortalEnter
  defaults: pvpKnockBackVelocity
Hooks: AllViolations~NCP~ 1.0
20-03-17 22:31:18 [INFO] Removed hook: AllViolations(NCP) [1.0].
20-03-17 22:31:18 [FINE] | cancel.dead 0 | cancel.offline 0 | block.interact.look.current 0 | block.interact.look.flying.first 0 | block.interact.look.flying.other 0 | illegalitem 0 | boatsanywhere 0 | throwenderpearl 0 | fakeinvulnerable 0 | eggonentity 0 | event.player.move 1339 (1339/0) |
20-03-17 22:31:18 [INFO] [GenericInstanceRegistry] Registry cleared.
20-03-17 22:31:19 [INFO] Logger started.
20-03-17 22:31:19 [INFO] Logging system initialized.
20-03-17 22:31:19 [INFO] Detected Minecraft version: 1.12.2
20-03-17 22:31:20 [INFO] McAccess set to: 1.12-1.12.2 / Spigot-CB-1.12_R1
20-03-17 22:31:20 [INFO] Added block-info for Minecraft 1.5 blocks.
20-03-17 22:31:20 [INFO] Added block-info for Minecraft 1.6.1 blocks.
20-03-17 22:31:20 [INFO] Added block-info for Minecraft 1.7.2 blocks.
20-03-17 22:31:20 [INFO] Added block-info for Minecraft 1.8 blocks.
20-03-17 22:31:20 [INFO] Added block-info for Minecraft 1.9 blocks.
20-03-17 22:31:20 [INFO] Added block-info for Minecraft 1.10 blocks.
20-03-17 22:31:20 [INFO] Added block-info for Minecraft 1.11 blocks.
20-03-17 22:31:20 [INFO] Added block-info for Minecraft 1.12 blocks.
20-03-17 22:31:20 [INFO] Inventory checks: FastConsume is available, disabled InstantEat.
20-03-17 22:31:20 [INFO] Packet level access: ProtocolLib is not available.
20-03-17 22:31:20 [INFO] Force disable FastHeal on Minecraft 1.9 and later.
20-03-17 22:31:20 [INFO] Version 3.16.0-RC-sMD5NET-b1134 is enabled.
20-03-17 22:31:27 [INFO] [GenericInstanceRegistry] Registered for itself: fr.neatmonster.nocheatplus.stats.Counters
20-03-17 22:31:27 [INFO] [GenericInstanceRegistry] Registered for itself: fr.neatmonster.nocheatplus.checks.workaround.WRPT
20-03-17 22:31:27 [INFO] [GenericInstanceRegistry] Registered for itself: fr.neatmonster.nocheatplus.checks.moving.location.tracking.LocationTrace$TraceEntryPool
20-03-17 22:31:27 [INFO] [GenericInstanceRegistry] Registered for itself: fr.neatmonster.nocheatplus.utilities.entity.PassengerUtil
20-03-17 22:31:27 [INFO] [GenericInstanceRegistry] Registered for itself: java.util.Random
20-03-17 22:31:27 [INFO] [GenericInstanceRegistry] Registered for fr.neatmonster.nocheatplus.compat.IBridgeCrossPlugin: fr.neatmonster.nocheatplus.compat.meta.BridgeCrossPlugin
20-03-17 22:31:27 [INFO] [GenericInstanceRegistry] Registered for fr.neatmonster.nocheatplus.compat.MCAccess: fr.neatmonster.nocheatplus.compat.cbdev.MCAccessCBDev
20-03-17 22:31:27 [INFO] [GenericInstanceRegistry] Registered for fr.neatmonster.nocheatplus.utilities.map.BlockCache: fr.neatmonster.nocheatplus.compat.cbdev.BlockCacheCBDev
20-03-17 22:31:27 [INFO] [GenericInstanceRegistry] Registered for fr.neatmonster.nocheatplus.components.modifier.IAttributeAccess: fr.neatmonster.nocheatplus.compat.cbdev.AttributeAccess
20-03-17 22:31:27 [INFO] [GenericInstanceRegistry] Registered for fr.neatmonster.nocheatplus.components.entity.IEntityAccessLastPositionAndLook: fr.neatmonster.nocheatplus.compat.cbdev.EntityAccessLastPositionAndLook
20-03-17 22:31:27 [INFO] [GenericInstanceRegistry] Registered for fr.neatmonster.nocheatplus.components.entity.IEntityAccessVehicle: fr.neatmonster.nocheatplus.compat.bukkit.EntityAccessVehicleMultiPassenger
20-03-17 22:31:27 [INFO] [GenericInstanceRegistry] Registered for itself: fr.neatmonster.nocheatplus.checks.moving.util.AuxMoving
20-03-17 22:31:27 [INFO] Added hook: AllViolations(NCP) [1.0].
20-03-17 22:31:27 [INFO] Post-enable running...
20-03-17 22:31:29 [INFO] Updated data for 1 players (post-enable).
20-03-17 22:31:29 [INFO] Post-enable finished.
20-03-17 22:31:29 [INFO] ---- Version information ----
#### Server ####
git-Paper-1618 ~MC: 1.12.2~
  detected: 1.12.2
#### NoCheatPlus ####
Plugin: 3.16.0-RC-sMD5NET-b1134
MCAccess: 1.12-1.12.2 / Spigot-CB-1.12_R1
Features:
  blocks: BlocksMC1_4 | BlocksMC1_5 | BlocksMC1_6_1 | BlocksMC1_7_2 | BlocksMC1_8 | BlocksMC1_9 | BlocksMC1_10 | BlocksMC1_11 | BlocksMC1_12
  checks: FastConsume | Gutenberg | HotFixFallingBlockPortalEnter
  defaults: pvpKnockBackVelocity
Hooks: AllViolations~NCP~ 1.0
20-03-17 22:31:35 [INFO] Removed hook: AllViolations(NCP) [1.0].
20-03-17 22:31:35 [FINE] | cancel.dead 0 | cancel.offline 0 | block.interact.look.current 0 | block.interact.look.flying.first 0 | block.interact.look.flying.other 0 | illegalitem 0 | boatsanywhere 0 | throwenderpearl 0 | fakeinvulnerable 0 | eggonentity 0 | event.player.move 0 |
20-03-17 22:31:35 [INFO] [GenericInstanceRegistry] Registry cleared.
20-03-17 22:31:45 [INFO] Logger started.
20-03-17 22:31:45 [INFO] Logging system initialized.
20-03-17 22:31:45 [INFO] Detected Minecraft version: 1.12.2
20-03-17 22:31:51 [INFO] McAccess set to: 1.12-1.12.2 / Spigot-CB-1.12_R1
20-03-17 22:31:51 [INFO] Added block-info for Minecraft 1.5 blocks.
20-03-17 22:31:51 [INFO] Added block-info for Minecraft 1.6.1 blocks.
20-03-17 22:31:51 [INFO] Added block-info for Minecraft 1.7.2 blocks.
20-03-17 22:31:51 [INFO] Added block-info for Minecraft 1.8 blocks.
20-03-17 22:31:51 [INFO] Added block-info for Minecraft 1.9 blocks.
20-03-17 22:31:51 [INFO] Added block-info for Minecraft 1.10 blocks.
20-03-17 22:31:51 [INFO] Added block-info for Minecraft 1.11 blocks.
20-03-17 22:31:51 [INFO] Added block-info for Minecraft 1.12 blocks.
20-03-17 22:31:51 [INFO] Inventory checks: FastConsume is available, disabled InstantEat.
20-03-17 22:31:51 [INFO] Packet level access: ProtocolLib is not available.
20-03-17 22:31:51 [INFO] Force disable FastHeal on Minecraft 1.9 and later.
20-03-17 22:31:51 [INFO] Version 3.16.0-RC-sMD5NET-b1134 is enabled.
20-03-17 22:31:58 [INFO] Post-enable running...
20-03-17 22:31:58 [INFO] [GenericInstanceRegistry] Registered for itself: fr.neatmonster.nocheatplus.stats.Counters
20-03-17 22:31:58 [INFO] [GenericInstanceRegistry] Registered for itself: fr.neatmonster.nocheatplus.checks.workaround.WRPT
20-03-17 22:31:58 [INFO] [GenericInstanceRegistry] Registered for itself: fr.neatmonster.nocheatplus.checks.moving.location.tracking.LocationTrace$TraceEntryPool
20-03-17 22:31:58 [INFO] [GenericInstanceRegistry] Registered for itself: fr.neatmonster.nocheatplus.utilities.entity.PassengerUtil
20-03-17 22:31:58 [INFO] [GenericInstanceRegistry] Registered for itself: java.util.Random
20-03-17 22:31:58 [INFO] [GenericInstanceRegistry] Registered for fr.neatmonster.nocheatplus.compat.IBridgeCrossPlugin: fr.neatmonster.nocheatplus.compat.meta.BridgeCrossPlugin
20-03-17 22:31:58 [INFO] [GenericInstanceRegistry] Registered for fr.neatmonster.nocheatplus.compat.MCAccess: fr.neatmonster.nocheatplus.compat.cbdev.MCAccessCBDev
20-03-17 22:31:58 [INFO] [GenericInstanceRegistry] Registered for fr.neatmonster.nocheatplus.utilities.map.BlockCache: fr.neatmonster.nocheatplus.compat.cbdev.BlockCacheCBDev
20-03-17 22:31:58 [INFO] [GenericInstanceRegistry] Registered for fr.neatmonster.nocheatplus.components.modifier.IAttributeAccess: fr.neatmonster.nocheatplus.compat.cbdev.AttributeAccess
20-03-17 22:31:58 [INFO] [GenericInstanceRegistry] Registered for fr.neatmonster.nocheatplus.components.entity.IEntityAccessLastPositionAndLook: fr.neatmonster.nocheatplus.compat.cbdev.EntityAccessLastPositionAndLook
20-03-17 22:31:58 [INFO] [GenericInstanceRegistry] Registered for fr.neatmonster.nocheatplus.components.entity.IEntityAccessVehicle: fr.neatmonster.nocheatplus.compat.bukkit.EntityAccessVehicleMultiPassenger
20-03-17 22:31:58 [INFO] [GenericInstanceRegistry] Registered for itself: fr.neatmonster.nocheatplus.checks.moving.util.AuxMoving
20-03-17 22:31:58 [INFO] Added hook: AllViolations(NCP) [1.0].
20-03-17 22:31:59 [INFO] Post-enable finished.
20-03-17 22:31:59 [INFO] ---- Version information ----
#### Server ####
git-Paper-1618 ~MC: 1.12.2~
  detected: 1.12.2
#### NoCheatPlus ####
Plugin: 3.16.0-RC-sMD5NET-b1134
MCAccess: 1.12-1.12.2 / Spigot-CB-1.12_R1
Features:
  blocks: BlocksMC1_4 | BlocksMC1_5 | BlocksMC1_6_1 | BlocksMC1_7_2 | BlocksMC1_8 | BlocksMC1_9 | BlocksMC1_10 | BlocksMC1_11 | BlocksMC1_12
  checks: FastConsume | Gutenberg | HotFixFallingBlockPortalEnter
  defaults: pvpKnockBackVelocity
Hooks: AllViolations~NCP~ 1.0
20-03-18 15:31:56 [INFO] Removed hook: AllViolations(NCP) [1.0].
20-03-18 15:31:56 [FINE] | cancel.dead 0 | cancel.offline 0 | block.interact.look.current 1957 (1957/0) | block.interact.look.flying.first 0 | block.interact.look.flying.other 0 | illegalitem 0 | boatsanywhere 0 | throwenderpearl 0 | fakeinvulnerable 0 | eggonentity 0 | event.player.move 113229 (113229/0) |
20-03-18 15:31:56 [INFO] [GenericInstanceRegistry] Registry cleared.
20-03-18 15:31:56 [INFO] Logger started.
20-03-18 15:31:56 [INFO] Logging system initialized.
20-03-18 15:31:56 [INFO] Detected Minecraft version: 1.12.2
20-03-18 15:31:57 [INFO] McAccess set to: 1.12-1.12.2 / Spigot-CB-1.12_R1
20-03-18 15:31:58 [INFO] Added block-info for Minecraft 1.5 blocks.
20-03-18 15:31:58 [INFO] Added block-info for Minecraft 1.6.1 blocks.
20-03-18 15:31:58 [INFO] Added block-info for Minecraft 1.7.2 blocks.
20-03-18 15:31:58 [INFO] Added block-info for Minecraft 1.8 blocks.
20-03-18 15:31:58 [INFO] Added block-info for Minecraft 1.9 blocks.
20-03-18 15:31:58 [INFO] Added block-info for Minecraft 1.10 blocks.
20-03-18 15:31:58 [INFO] Added block-info for Minecraft 1.11 blocks.
20-03-18 15:31:58 [INFO] Added block-info for Minecraft 1.12 blocks.
20-03-18 15:31:58 [INFO] Inventory checks: FastConsume is available, disabled InstantEat.
20-03-18 15:31:58 [INFO] Packet level access: ProtocolLib is not available.
20-03-18 15:31:58 [INFO] Force disable FastHeal on Minecraft 1.9 and later.
20-03-18 15:31:58 [INFO] Version 3.16.0-RC-sMD5NET-b1134 is enabled.
20-03-18 15:32:05 [INFO] [GenericInstanceRegistry] Registered for itself: fr.neatmonster.nocheatplus.stats.Counters
20-03-18 15:32:05 [INFO] [GenericInstanceRegistry] Registered for itself: fr.neatmonster.nocheatplus.checks.workaround.WRPT
20-03-18 15:32:05 [INFO] [GenericInstanceRegistry] Registered for itself: fr.neatmonster.nocheatplus.checks.moving.location.tracking.LocationTrace$TraceEntryPool
20-03-18 15:32:05 [INFO] [GenericInstanceRegistry] Registered for itself: fr.neatmonster.nocheatplus.utilities.entity.PassengerUtil
20-03-18 15:32:05 [INFO] [GenericInstanceRegistry] Registered for itself: java.util.Random
20-03-18 15:32:05 [INFO] [GenericInstanceRegistry] Registered for fr.neatmonster.nocheatplus.compat.IBridgeCrossPlugin: fr.neatmonster.nocheatplus.compat.meta.BridgeCrossPlugin
20-03-18 15:32:05 [INFO] [GenericInstanceRegistry] Registered for fr.neatmonster.nocheatplus.compat.MCAccess: fr.neatmonster.nocheatplus.compat.cbdev.MCAccessCBDev
20-03-18 15:32:05 [INFO] [GenericInstanceRegistry] Registered for fr.neatmonster.nocheatplus.utilities.map.BlockCache: fr.neatmonster.nocheatplus.compat.cbdev.BlockCacheCBDev
20-03-18 15:32:05 [INFO] [GenericInstanceRegistry] Registered for fr.neatmonster.nocheatplus.components.modifier.IAttributeAccess: fr.neatmonster.nocheatplus.compat.cbdev.AttributeAccess
20-03-18 15:32:05 [INFO] [GenericInstanceRegistry] Registered for fr.neatmonster.nocheatplus.components.entity.IEntityAccessLastPositionAndLook: fr.neatmonster.nocheatplus.compat.cbdev.EntityAccessLastPositionAndLook
20-03-18 15:32:05 [INFO] [GenericInstanceRegistry] Registered for fr.neatmonster.nocheatplus.components.entity.IEntityAccessVehicle: fr.neatmonster.nocheatplus.compat.bukkit.EntityAccessVehicleMultiPassenger
20-03-18 15:32:05 [INFO] [GenericInstanceRegistry] Registered for itself: fr.neatmonster.nocheatplus.checks.moving.util.AuxMoving
20-03-18 15:32:05 [INFO] Added hook: AllViolations(NCP) [1.0].
20-03-18 15:32:05 [INFO] Post-enable running...
20-03-18 15:32:06 [INFO] Updated data for 1 players (post-enable).
20-03-18 15:32:06 [INFO] Post-enable finished.
20-03-18 15:32:06 [INFO] ---- Version information ----
#### Server ####
git-Paper-1618 ~MC: 1.12.2~
  detected: 1.12.2
#### NoCheatPlus ####
Plugin: 3.16.0-RC-sMD5NET-b1134
MCAccess: 1.12-1.12.2 / Spigot-CB-1.12_R1
Features:
  blocks: BlocksMC1_4 | BlocksMC1_5 | BlocksMC1_6_1 | BlocksMC1_7_2 | BlocksMC1_8 | BlocksMC1_9 | BlocksMC1_10 | BlocksMC1_11 | BlocksMC1_12
  checks: FastConsume | Gutenberg | HotFixFallingBlockPortalEnter
  defaults: pvpKnockBackVelocity
Hooks: AllViolations~NCP~ 1.0
20-03-18 15:49:32 [INFO] Removed hook: AllViolations(NCP) [1.0].
20-03-18 15:49:32 [FINE] | cancel.dead 0 | cancel.offline 0 | block.interact.look.current 0 | block.interact.look.flying.first 0 | block.interact.look.flying.other 0 | illegalitem 0 | boatsanywhere 0 | throwenderpearl 0 | fakeinvulnerable 0 | eggonentity 0 | event.player.move 1593 (1593/0) |
20-03-18 15:49:32 [INFO] [GenericInstanceRegistry] Registry cleared.
20-03-18 15:49:33 [INFO] Logger started.
20-03-18 15:49:33 [INFO] Logging system initialized.
20-03-18 15:49:33 [INFO] Detected Minecraft version: 1.12.2
20-03-18 15:49:34 [INFO] McAccess set to: 1.12-1.12.2 / Spigot-CB-1.12_R1
20-03-18 15:49:34 [INFO] Added block-info for Minecraft 1.5 blocks.
20-03-18 15:49:34 [INFO] Added block-info for Minecraft 1.6.1 blocks.
20-03-18 15:49:34 [INFO] Added block-info for Minecraft 1.7.2 blocks.
20-03-18 15:49:34 [INFO] Added block-info for Minecraft 1.8 blocks.
20-03-18 15:49:34 [INFO] Added block-info for Minecraft 1.9 blocks.
20-03-18 15:49:34 [INFO] Added block-info for Minecraft 1.10 blocks.
20-03-18 15:49:34 [INFO] Added block-info for Minecraft 1.11 blocks.
20-03-18 15:49:34 [INFO] Added block-info for Minecraft 1.12 blocks.
20-03-18 15:49:34 [INFO] Inventory checks: FastConsume is available, disabled InstantEat.
20-03-18 15:49:34 [INFO] Packet level access: ProtocolLib is not available.
20-03-18 15:49:34 [INFO] Force disable FastHeal on Minecraft 1.9 and later.
20-03-18 15:49:34 [INFO] Version 3.16.0-RC-sMD5NET-b1134 is enabled.
20-03-18 15:49:40 [INFO] [GenericInstanceRegistry] Registered for itself: fr.neatmonster.nocheatplus.stats.Counters
20-03-18 15:49:40 [INFO] [GenericInstanceRegistry] Registered for itself: fr.neatmonster.nocheatplus.checks.workaround.WRPT
20-03-18 15:49:40 [INFO] [GenericInstanceRegistry] Registered for itself: fr.neatmonster.nocheatplus.checks.moving.location.tracking.LocationTrace$TraceEntryPool
20-03-18 15:49:40 [INFO] [GenericInstanceRegistry] Registered for itself: fr.neatmonster.nocheatplus.utilities.entity.PassengerUtil
20-03-18 15:49:40 [INFO] [GenericInstanceRegistry] Registered for itself: java.util.Random
20-03-18 15:49:40 [INFO] [GenericInstanceRegistry] Registered for fr.neatmonster.nocheatplus.compat.IBridgeCrossPlugin: fr.neatmonster.nocheatplus.compat.meta.BridgeCrossPlugin
20-03-18 15:49:40 [INFO] [GenericInstanceRegistry] Registered for fr.neatmonster.nocheatplus.compat.MCAccess: fr.neatmonster.nocheatplus.compat.cbdev.MCAccessCBDev
20-03-18 15:49:40 [INFO] [GenericInstanceRegistry] Registered for fr.neatmonster.nocheatplus.utilities.map.BlockCache: fr.neatmonster.nocheatplus.compat.cbdev.BlockCacheCBDev
20-03-18 15:49:40 [INFO] [GenericInstanceRegistry] Registered for fr.neatmonster.nocheatplus.components.modifier.IAttributeAccess: fr.neatmonster.nocheatplus.compat.cbdev.AttributeAccess
20-03-18 15:49:40 [INFO] [GenericInstanceRegistry] Registered for fr.neatmonster.nocheatplus.components.entity.IEntityAccessLastPositionAndLook: fr.neatmonster.nocheatplus.compat.cbdev.EntityAccessLastPositionAndLook
20-03-18 15:49:40 [INFO] [GenericInstanceRegistry] Registered for fr.neatmonster.nocheatplus.components.entity.IEntityAccessVehicle: fr.neatmonster.nocheatplus.compat.bukkit.EntityAccessVehicleMultiPassenger
20-03-18 15:49:40 [INFO] [GenericInstanceRegistry] Registered for itself: fr.neatmonster.nocheatplus.checks.moving.util.AuxMoving
20-03-18 15:49:40 [INFO] Added hook: AllViolations(NCP) [1.0].
20-03-18 15:49:41 [INFO] Post-enable running...
20-03-18 15:49:42 [INFO] Updated data for 1 players (post-enable).
20-03-18 15:49:42 [INFO] Post-enable finished.
20-03-18 15:49:42 [INFO] ---- Version information ----
#### Server ####
git-Paper-1618 ~MC: 1.12.2~
  detected: 1.12.2
#### NoCheatPlus ####
Plugin: 3.16.0-RC-sMD5NET-b1134
MCAccess: 1.12-1.12.2 / Spigot-CB-1.12_R1
Features:
  blocks: BlocksMC1_4 | BlocksMC1_5 | BlocksMC1_6_1 | BlocksMC1_7_2 | BlocksMC1_8 | BlocksMC1_9 | BlocksMC1_10 | BlocksMC1_11 | BlocksMC1_12
  checks: FastConsume | Gutenberg | HotFixFallingBlockPortalEnter
  defaults: pvpKnockBackVelocity
Hooks: AllViolations~NCP~ 1.0
